  SpaceShip.cpp
d:\gitprojects\sfmlsocketproject\modelo_sfml\modelo_sfml\spaceship.cpp(66): warning C4244: 'argumento': conversão de 'T' para 'T', possível perda de dados
          with
          [
              T=unsigned int
          ]
          and
          [
              T=float
          ]
d:\gitprojects\sfmlsocketproject\modelo_sfml\modelo_sfml\spaceship.cpp(65): warning C4244: 'argumento': conversão de 'T' para 'T', possível perda de dados
          with
          [
              T=unsigned int
          ]
          and
          [
              T=float
          ]
  Gerando código
  3 of 469 functions ( 0.6%) were compiled, the rest were copied from previous compilation.
    0 functions were new in current compilation
    0 functions had inline decision re-evaluated but remain unchanged
  Finalizada a geração de código
  Modelo_SFML.vcxproj -> D:\GitProjects\SFMLSocketProject\Modelo_SFML\x64\Release\Modelo_SFML.exe
